# JRE version: OpenJDK Runtime Environment (8.0_242-b01) (build 1.8.0_242-release-1644-b01)
# Java VM: OpenJDK 64-Bit Server VM (25.242-b01 mixed mode windows-amd64 compressed oops)
Heap:
 PSYoungGen      total 67072K, used 51898K [0x00000000e0000000, 0x00000000e4c00000, 0x0000000100000000)
  eden space 58368K, 75% used [0x00000000e0000000,0x00000000e2aca1a8,0x00000000e3900000)
  from space 8704K, 92% used [0x00000000e4380000,0x00000000e4b64780,0x00000000e4c00000)
  to   space 7680K, 0% used [0x00000000e3900000,0x00000000e3900000,0x00000000e4080000)
 ParOldGen       total 42496K, used 20809K [0x00000000a0000000, 0x00000000a2980000, 0x00000000e0000000)
  object space 42496K, 48% used [0x00000000a0000000,0x00000000a1452728,0x00000000a2980000)
 Metaspace       used 49506K, capacity 50752K, committed 51072K, reserved 1093632K
  class space    used 6562K, capacity 6930K, committed 7040K, reserved 1048576K
GC Heap History (10 events):
Event: 19.037 GC heap before
{Heap before GC invocations=14 (full 1):
 PSYoungGen      total 51712K, used 39929K [0x00000000e0000000, 0x00000000e3c00000, 0x0000000100000000)
  eden space 45056K, 78% used [0x00000000e0000000,0x00000000e22aff50,0x00000000e2c00000)
  from space 6656K, 66% used [0x00000000e3580000,0x00000000e39ce628,0x00000000e3c00000)
  to   space 8192K, 0% used [0x00000000e2c00000,0x00000000e2c00000,0x00000000e3400000)
 ParOldGen       total 42496K, used 11089K [0x00000000a0000000, 0x00000000a2980000, 0x00000000e0000000)
  object space 42496K, 26% used [0x00000000a0000000,0x00000000a0ad4688,0x00000000a2980000)
 Metaspace       used 34594K, capacity 35302K, committed 35496K, reserved 1079296K
  class space    used 4540K, capacity 4768K, committed 4864K, reserved 1048576K
Event: 19.051 GC heap after
Heap after GC invocations=14 (full 1):
 PSYoungGen      total 53248K, used 3071K [0x00000000e0000000, 0x00000000e4b80000, 0x0000000100000000)
  eden space 45056K, 0% used [0x00000000e0000000,0x00000000e0000000,0x00000000e2c00000)
  from space 8192K, 37% used [0x00000000e2c00000,0x00000000e2efff38,0x00000000e3400000)
  to   space 8192K, 0% used [0x00000000e4380000,0x00000000e4380000,0x00000000e4b80000)
 ParOldGen       total 42496K, used 12925K [0x00000000a0000000, 0x00000000a2980000, 0x00000000e0000000)
  object space 42496K, 30% used [0x00000000a0000000,0x00000000a0c9f420,0x00000000a2980000)
 Metaspace       used 34594K, capacity 35302K, committed 35496K, reserved 1079296K
  class space    used 4540K, capacity 4768K, committed 4864K, reserved 1048576K
}
Event: 19.051 GC heap before
{Heap before GC invocations=15 (full 2):
 PSYoungGen      total 53248K, used 3071K [0x00000000e0000000, 0x00000000e4b80000, 0x0000000100000000)
  eden space 45056K, 0% used [0x00000000e0000000,0x00000000e0000000,0x00000000e2c00000)
  from space 8192K, 37% used [0x00000000e2c00000,0x00000000e2efff38,0x00000000e3400000)
  to   space 8192K, 0% used [0x00000000e4380000,0x00000000e4380000,0x00000000e4b80000)
 ParOldGen       total 42496K, used 12925K [0x00000000a0000000, 0x00000000a2980000, 0x00000000e0000000)
  object space 42496K, 30% used [0x00000000a0000000,0x00000000a0c9f420,0x00000000a2980000)
 Metaspace       used 34594K, capacity 35302K, committed 35496K, reserved 1079296K
  class space    used 4540K, capacity 4768K, committed 4864K, reserved 1048576K
Event: 19.424 GC heap after
Heap after GC invocations=15 (full 2):
 PSYoungGen      total 53248K, used 0K [0x00000000e0000000, 0x00000000e4b80000, 0x0000000100000000)
  eden space 45056K, 0% used [0x00000000e0000000,0x00000000e0000000,0x00000000e2c00000)
  from space 8192K, 0% used [0x00000000e2c00000,0x00000000e2c00000,0x00000000e3400000)
  to   space 8192K, 0% used [0x00000000e4380000,0x00000000e4380000,0x00000000e4b80000)
 ParOldGen       total 42496K, used 15251K [0x00000000a0000000, 0x00000000a2980000, 0x00000000e0000000)
  object space 42496K, 35% used [0x00000000a0000000,0x00000000a0ee4f20,0x00000000a2980000)
 Metaspace       used 34548K, capacity 35198K, committed 35496K, reserved 1079296K
  class space    used 4528K, capacity 4756K, committed 4864K, reserved 1048576K
}
Event: 21.434 GC heap before
{Heap before GC invocations=16 (full 2):
 PSYoungGen      total 53248K, used 45056K [0x00000000e0000000, 0x00000000e4b80000, 0x0000000100000000)
  eden space 45056K, 100% used [0x00000000e0000000,0x00000000e2c00000,0x00000000e2c00000)
  from space 8192K, 0% used [0x00000000e2c00000,0x00000000e2c00000,0x00000000e3400000)
  to   space 8192K, 0% used [0x00000000e4380000,0x00000000e4380000,0x00000000e4b80000)
 ParOldGen       total 42496K, used 15251K [0x00000000a0000000, 0x00000000a2980000, 0x00000000e0000000)
  object space 42496K, 35% used [0x00000000a0000000,0x00000000a0ee4f20,0x00000000a2980000)
 Metaspace       used 36654K, capacity 37462K, committed 37760K, reserved 1081344K
  class space    used 4904K, capacity 5165K, committed 5248K, reserved 1048576K
Event: 21.461 GC heap after
Heap after GC invocations=16 (full 2):
 PSYoungGen      total 57344K, used 4471K [0x00000000e0000000, 0x00000000e4800000, 0x0000000100000000)
  eden space 52736K, 0% used [0x00000000e0000000,0x00000000e0000000,0x00000000e3380000)
  from space 4608K, 97% used [0x00000000e4380000,0x00000000e47ddfc0,0x00000000e4800000)
  to   space 7680K, 0% used [0x00000000e3900000,0x00000000e3900000,0x00000000e4080000)
 ParOldGen       total 42496K, used 15259K [0x00000000a0000000, 0x00000000a2980000, 0x00000000e0000000)
  object space 42496K, 35% used [0x00000000a0000000,0x00000000a0ee6f20,0x00000000a2980000)
 Metaspace       used 36654K, capacity 37462K, committed 37760K, reserved 1081344K
  class space    used 4904K, capacity 5165K, committed 5248K, reserved 1048576K
}
Event: 30.414 GC heap before
{Heap before GC invocations=17 (full 2):
 PSYoungGen      total 57344K, used 57207K [0x00000000e0000000, 0x00000000e4800000, 0x0000000100000000)
  eden space 52736K, 100% used [0x00000000e0000000,0x00000000e3380000,0x00000000e3380000)
  from space 4608K, 97% used [0x00000000e4380000,0x00000000e47ddfc0,0x00000000e4800000)
  to   space 7680K, 0% used [0x00000000e3900000,0x00000000e3900000,0x00000000e4080000)
 ParOldGen       total 42496K, used 15259K [0x00000000a0000000, 0x00000000a2980000, 0x00000000e0000000)
  object space 42496K, 35% used [0x00000000a0000000,0x00000000a0ee6f20,0x00000000a2980000)
 Metaspace       used 41107K, capacity 42112K, committed 42240K, reserved 1085440K
  class space    used 5532K, capacity 5821K, committed 5888K, reserved 1048576K
Event: 30.445 GC heap after
Heap after GC invocations=17 (full 2):
 PSYoungGen      total 66048K, used 7650K [0x00000000e0000000, 0x00000000e4c00000, 0x0000000100000000)
  eden space 58368K, 0% used [0x00000000e0000000,0x00000000e0000000,0x00000000e3900000)
  from space 7680K, 99% used [0x00000000e3900000,0x00000000e40788c0,0x00000000e4080000)
  to   space 8704K, 0% used [0x00000000e4380000,0x00000000e4380000,0x00000000e4c00000)
 ParOldGen       total 42496K, used 15715K [0x00000000a0000000, 0x00000000a2980000, 0x00000000e0000000)
  object space 42496K, 36% used [0x00000000a0000000,0x00000000a0f58e58,0x00000000a2980000)
 Metaspace       used 41107K, capacity 42112K, committed 42240K, reserved 1085440K
  class space    used 5532K, capacity 5821K, committed 5888K, reserved 1048576K
}
Event: 32.164 GC heap before
{Heap before GC invocations=18 (full 2):
 PSYoungGen      total 66048K, used 66018K [0x00000000e0000000, 0x00000000e4c00000, 0x0000000100000000)
  eden space 58368K, 100% used [0x00000000e0000000,0x00000000e3900000,0x00000000e3900000)
  from space 7680K, 99% used [0x00000000e3900000,0x00000000e40788c0,0x00000000e4080000)
  to   space 8704K, 0% used [0x00000000e4380000,0x00000000e4380000,0x00000000e4c00000)
 ParOldGen       total 42496K, used 15715K [0x00000000a0000000, 0x00000000a2980000, 0x00000000e0000000)
  object space 42496K, 36% used [0x00000000a0000000,0x00000000a0f58e58,0x00000000a2980000)
 Metaspace       used 46952K, capacity 48098K, committed 48384K, reserved 1091584K
  class space    used 6234K, capacity 6544K, committed 6656K, reserved 1048576K
Event: 32.188 GC heap after
Heap after GC invocations=18 (full 2):
 PSYoungGen      total 67072K, used 8081K [0x00000000e0000000, 0x00000000e4c00000, 0x0000000100000000)
  eden space 58368K, 0% used [0x00000000e0000000,0x00000000e0000000,0x00000000e3900000)
  from space 8704K, 92% used [0x00000000e4380000,0x00000000e4b64780,0x00000000e4c00000)
  to   space 7680K, 0% used [0x00000000e3900000,0x00000000e3900000,0x00000000e4080000)
 ParOldGen       total 42496K, used 20809K [0x00000000a0000000, 0x00000000a2980000, 0x00000000e0000000)
  object space 42496K, 48% used [0x00000000a0000000,0x00000000a1452728,0x00000000a2980000)
 Metaspace       used 46952K, capacity 48098K, committed 48384K, reserved 1091584K
  class space    used 6234K, capacity 6544K, committed 6656K, reserved 1048576K
}

