# JRE version: OpenJDK Runtime Environment (8.0_242-b01) (build 1.8.0_242-release-1644-b01)
# Java VM: OpenJDK 64-Bit Server VM (25.242-b01 mixed mode windows-amd64 compressed oops)
Heap:
 PSYoungGen      total 128512K, used 26479K [0x00000000e0000000, 0x00000000ea400000, 0x0000000100000000)
  eden space 114688K, 23% used [0x00000000e0000000,0x00000000e19dbc70,0x00000000e7000000)
  from space 13824K, 0% used [0x00000000e7000000,0x00000000e7000000,0x00000000e7d80000)
  to   space 14848K, 0% used [0x00000000e9580000,0x00000000e9580000,0x00000000ea400000)
 ParOldGen       total 125440K, used 32737K [0x00000000a0000000, 0x00000000a7a80000, 0x00000000e0000000)
  object space 125440K, 26% used [0x00000000a0000000,0x00000000a1ff87e0,0x00000000a7a80000)
 Metaspace       used 58780K, capacity 60438K, committed 60672K, reserved 1101824K
  class space    used 7942K, capacity 8370K, committed 8448K, reserved 1048576K
GC Heap History (10 events):
Event: 14.718 GC heap before
{Heap before GC invocations=12 (full 2):
 PSYoungGen      total 104448K, used 10237K [0x00000000e0000000, 0x00000000e8f00000, 0x0000000100000000)
  eden space 94208K, 0% used [0x00000000e0000000,0x00000000e0000000,0x00000000e5c00000)
  from space 10240K, 99% used [0x00000000e6780000,0x00000000e717f640,0x00000000e7180000)
  to   space 11776K, 0% used [0x00000000e5c00000,0x00000000e5c00000,0x00000000e6780000)
 ParOldGen       total 49152K, used 11164K [0x00000000a0000000, 0x00000000a3000000, 0x00000000e0000000)
  object space 49152K, 22% used [0x00000000a0000000,0x00000000a0ae7120,0x00000000a3000000)
 Metaspace       used 34595K, capacity 35346K, committed 35496K, reserved 1079296K
  class space    used 4764K, capacity 5010K, committed 5120K, reserved 1048576K
Event: 14.834 GC heap after
Heap after GC invocations=12 (full 2):
 PSYoungGen      total 104448K, used 0K [0x00000000e0000000, 0x00000000e8f00000, 0x0000000100000000)
  eden space 94208K, 0% used [0x00000000e0000000,0x00000000e0000000,0x00000000e5c00000)
  from space 10240K, 0% used [0x00000000e6780000,0x00000000e6780000,0x00000000e7180000)
  to   space 11776K, 0% used [0x00000000e5c00000,0x00000000e5c00000,0x00000000e6780000)
 ParOldGen       total 79872K, used 18517K [0x00000000a0000000, 0x00000000a4e00000, 0x00000000e0000000)
  object space 79872K, 23% used [0x00000000a0000000,0x00000000a12154d0,0x00000000a4e00000)
 Metaspace       used 34595K, capacity 35346K, committed 35496K, reserved 1079296K
  class space    used 4764K, capacity 5010K, committed 5120K, reserved 1048576K
}
Event: 19.980 GC heap before
{Heap before GC invocations=13 (full 2):
 PSYoungGen      total 104448K, used 94208K [0x00000000e0000000, 0x00000000e8f00000, 0x0000000100000000)
  eden space 94208K, 100% used [0x00000000e0000000,0x00000000e5c00000,0x00000000e5c00000)
  from space 10240K, 0% used [0x00000000e6780000,0x00000000e6780000,0x00000000e7180000)
  to   space 11776K, 0% used [0x00000000e5c00000,0x00000000e5c00000,0x00000000e6780000)
 ParOldGen       total 79872K, used 18517K [0x00000000a0000000, 0x00000000a4e00000, 0x00000000e0000000)
  object space 79872K, 23% used [0x00000000a0000000,0x00000000a12154d0,0x00000000a4e00000)
 Metaspace       used 44167K, capacity 45286K, committed 45440K, reserved 1089536K
  class space    used 5971K, capacity 6272K, committed 6272K, reserved 1048576K
Event: 20.004 GC heap after
Heap after GC invocations=13 (full 2):
 PSYoungGen      total 105984K, used 11774K [0x00000000e0000000, 0x00000000e8c00000, 0x0000000100000000)
  eden space 94208K, 0% used [0x00000000e0000000,0x00000000e0000000,0x00000000e5c00000)
  from space 11776K, 99% used [0x00000000e5c00000,0x00000000e677f9c0,0x00000000e6780000)
  to   space 13824K, 0% used [0x00000000e7e80000,0x00000000e7e80000,0x00000000e8c00000)
 ParOldGen       total 79872K, used 19652K [0x00000000a0000000, 0x00000000a4e00000, 0x00000000e0000000)
  object space 79872K, 24% used [0x00000000a0000000,0x00000000a13310a8,0x00000000a4e00000)
 Metaspace       used 44167K, capacity 45286K, committed 45440K, reserved 1089536K
  class space    used 5971K, capacity 6272K, committed 6272K, reserved 1048576K
}
Event: 26.509 GC heap before
{Heap before GC invocations=14 (full 2):
 PSYoungGen      total 105984K, used 105982K [0x00000000e0000000, 0x00000000e8c00000, 0x0000000100000000)
  eden space 94208K, 100% used [0x00000000e0000000,0x00000000e5c00000,0x00000000e5c00000)
  from space 11776K, 99% used [0x00000000e5c00000,0x00000000e677f9c0,0x00000000e6780000)
  to   space 13824K, 0% used [0x00000000e7e80000,0x00000000e7e80000,0x00000000e8c00000)
 ParOldGen       total 79872K, used 19652K [0x00000000a0000000, 0x00000000a4e00000, 0x00000000e0000000)
  object space 79872K, 24% used [0x00000000a0000000,0x00000000a13310a8,0x00000000a4e00000)
 Metaspace       used 52201K, capacity 53530K, committed 53760K, reserved 1095680K
  class space    used 6984K, capacity 7325K, committed 7424K, reserved 1048576K
Event: 26.550 GC heap after
Heap after GC invocations=14 (full 2):
 PSYoungGen      total 127488K, used 8817K [0x00000000e0000000, 0x00000000e8b00000, 0x0000000100000000)
  eden space 114688K, 0% used [0x00000000e0000000,0x00000000e0000000,0x00000000e7000000)
  from space 12800K, 68% used [0x00000000e7e80000,0x00000000e871c700,0x00000000e8b00000)
  to   space 13824K, 0% used [0x00000000e7000000,0x00000000e7000000,0x00000000e7d80000)
 ParOldGen       total 79872K, used 25835K [0x00000000a0000000, 0x00000000a4e00000, 0x00000000e0000000)
  object space 79872K, 32% used [0x00000000a0000000,0x00000000a193ad28,0x00000000a4e00000)
 Metaspace       used 52201K, capacity 53530K, committed 53760K, reserved 1095680K
  class space    used 6984K, capacity 7325K, committed 7424K, reserved 1048576K
}
Event: 31.798 GC heap before
{Heap before GC invocations=15 (full 2):
 PSYoungGen      total 127488K, used 92546K [0x00000000e0000000, 0x00000000e8b00000, 0x0000000100000000)
  eden space 114688K, 73% used [0x00000000e0000000,0x00000000e51c43c8,0x00000000e7000000)
  from space 12800K, 68% used [0x00000000e7e80000,0x00000000e871c700,0x00000000e8b00000)
  to   space 13824K, 0% used [0x00000000e7000000,0x00000000e7000000,0x00000000e7d80000)
 ParOldGen       total 79872K, used 25835K [0x00000000a0000000, 0x00000000a4e00000, 0x00000000e0000000)
  object space 79872K, 32% used [0x00000000a0000000,0x00000000a193ad28,0x00000000a4e00000)
 Metaspace       used 57499K, capacity 59070K, committed 59136K, reserved 1099776K
  class space    used 7727K, capacity 8149K, committed 8192K, reserved 1048576K
Event: 31.829 GC heap after
Heap after GC invocations=15 (full 2):
 PSYoungGen      total 128512K, used 12289K [0x00000000e0000000, 0x00000000ea400000, 0x0000000100000000)
  eden space 114688K, 0% used [0x00000000e0000000,0x00000000e0000000,0x00000000e7000000)
  from space 13824K, 88% used [0x00000000e7000000,0x00000000e7c006a0,0x00000000e7d80000)
  to   space 14848K, 0% used [0x00000000e9580000,0x00000000e9580000,0x00000000ea400000)
 ParOldGen       total 79872K, used 25907K [0x00000000a0000000, 0x00000000a4e00000, 0x00000000e0000000)
  object space 79872K, 32% used [0x00000000a0000000,0x00000000a194cd38,0x00000000a4e00000)
 Metaspace       used 57499K, capacity 59070K, committed 59136K, reserved 1099776K
  class space    used 7727K, capacity 8149K, committed 8192K, reserved 1048576K
}
Event: 31.866 GC heap before
{Heap before GC invocations=16 (full 3):
 PSYoungGen      total 128512K, used 12289K [0x00000000e0000000, 0x00000000ea400000, 0x0000000100000000)
  eden space 114688K, 0% used [0x00000000e0000000,0x00000000e0000000,0x00000000e7000000)
  from space 13824K, 88% used [0x00000000e7000000,0x00000000e7c006a0,0x00000000e7d80000)
  to   space 14848K, 0% used [0x00000000e9580000,0x00000000e9580000,0x00000000ea400000)
 ParOldGen       total 79872K, used 25907K [0x00000000a0000000, 0x00000000a4e00000, 0x00000000e0000000)
  object space 79872K, 32% used [0x00000000a0000000,0x00000000a194cd38,0x00000000a4e00000)
 Metaspace       used 57499K, capacity 59070K, committed 59136K, reserved 1099776K
  class space    used 7727K, capacity 8149K, committed 8192K, reserved 1048576K
Event: 33.502 GC heap after
Heap after GC invocations=16 (full 3):
 PSYoungGen      total 128512K, used 0K [0x00000000e0000000, 0x00000000ea400000, 0x0000000100000000)
  eden space 114688K, 0% used [0x00000000e0000000,0x00000000e0000000,0x00000000e7000000)
  from space 13824K, 0% used [0x00000000e7000000,0x00000000e7000000,0x00000000e7d80000)
  to   space 14848K, 0% used [0x00000000e9580000,0x00000000e9580000,0x00000000ea400000)
 ParOldGen       total 125440K, used 32737K [0x00000000a0000000, 0x00000000a7a80000, 0x00000000e0000000)
  object space 125440K, 26% used [0x00000000a0000000,0x00000000a1ff87e0,0x00000000a7a80000)
 Metaspace       used 57492K, capacity 59046K, committed 59136K, reserved 1099776K
  class space    used 7725K, capacity 8145K, committed 8192K, reserved 1048576K
}

